# JRE version: Java(TM) SE Runtime Environment (17.0.12+8) (build 17.0.12+8-LTS-286)
# Java VM: Java HotSpot(TM) 64-Bit Server VM (17.0.12+8-LTS-286, mixed mode, sharing, tiered, compressed oops, compressed class ptrs, g1 gc, windows-amd64)
GC Precious Log:
 CPUs: 12 total, 12 available
 Memory: 6005M
 Large Page Support: Disabled
 NUMA Support: Disabled
 Compressed Oops: Enabled (32-bit)
 Heap Region Size: 1M
 Heap Min Capacity: 8M
 Heap Initial Capacity: 8M
 Heap Max Capacity: 1502M
 Pre-touch: Disabled
 Parallel Workers: 10
 Concurrent Workers: 3
 Concurrent Refinement Workers: 10
 Periodic GC: Disabled
Heap:
 garbage-first heap   total 12288K, used 4636K [0x00000000a2200000, 0x0000000100000000)
  region size 1024K, 1 young (1024K), 1 survivors (1024K)
 Metaspace       used 8762K, committed 8960K, reserved 1114112K
  class space    used 1020K, committed 1088K, reserved 1048576K
GC Heap History (20 events):
Event: 1.262 GC heap after
{Heap after GC invocations=1 (full 0):
 garbage-first heap   total 8192K, used 1224K [0x00000000a2200000, 0x0000000100000000)
  region size 1024K, 1 young (1024K), 1 survivors (1024K)
 Metaspace       used 3149K, committed 3328K, reserved 1114112K
  class space    used 402K, committed 512K, reserved 1048576K
}
Event: 1.347 GC heap before
{Heap before GC invocations=1 (full 0):
 garbage-first heap   total 8192K, used 1224K [0x00000000a2200000, 0x0000000100000000)
  region size 1024K, 2 young (2048K), 1 survivors (1024K)
 Metaspace       used 5485K, committed 5632K, reserved 1114112K
  class space    used 665K, committed 768K, reserved 1048576K
}
Event: 1.349 GC heap after
{Heap after GC invocations=2 (full 0):
 garbage-first heap   total 8192K, used 1795K [0x00000000a2200000, 0x0000000100000000)
  region size 1024K, 1 young (1024K), 1 survivors (1024K)
 Metaspace       used 5485K, committed 5632K, reserved 1114112K
  class space    used 665K, committed 768K, reserved 1048576K
}
Event: 1.427 GC heap before
{Heap before GC invocations=2 (full 0):
 garbage-first heap   total 8192K, used 2819K [0x00000000a2200000, 0x0000000100000000)
  region size 1024K, 2 young (2048K), 1 survivors (1024K)
 Metaspace       used 6859K, committed 7040K, reserved 1114112K
  class space    used 825K, committed 896K, reserved 1048576K
}
Event: 1.429 GC heap after
{Heap after GC invocations=3 (full 0):
 garbage-first heap   total 8192K, used 2217K [0x00000000a2200000, 0x0000000100000000)
  region size 1024K, 1 young (1024K), 1 survivors (1024K)
 Metaspace       used 6859K, committed 7040K, reserved 1114112K
  class space    used 825K, committed 896K, reserved 1048576K
}
Event: 2.511 GC heap before
{Heap before GC invocations=3 (full 0):
 garbage-first heap   total 8192K, used 3241K [0x00000000a2200000, 0x0000000100000000)
  region size 1024K, 2 young (2048K), 1 survivors (1024K)
 Metaspace       used 7568K, committed 7744K, reserved 1114112K
  class space    used 873K, committed 960K, reserved 1048576K
}
Event: 2.513 GC heap after
{Heap after GC invocations=4 (full 0):
 garbage-first heap   total 8192K, used 2591K [0x00000000a2200000, 0x0000000100000000)
  region size 1024K, 1 young (1024K), 1 survivors (1024K)
 Metaspace       used 7568K, committed 7744K, reserved 1114112K
  class space    used 873K, committed 960K, reserved 1048576K
}
Event: 2.551 GC heap before
{Heap before GC invocations=4 (full 0):
 garbage-first heap   total 8192K, used 3615K [0x00000000a2200000, 0x0000000100000000)
  region size 1024K, 2 young (2048K), 1 survivors (1024K)
 Metaspace       used 7771K, committed 7872K, reserved 1114112K
  class space    used 893K, committed 960K, reserved 1048576K
}
Event: 2.553 GC heap after
{Heap after GC invocations=5 (full 0):
 garbage-first heap   total 8192K, used 2843K [0x00000000a2200000, 0x0000000100000000)
  region size 1024K, 1 young (1024K), 1 survivors (1024K)
 Metaspace       used 7771K, committed 7872K, reserved 1114112K
  class space    used 893K, committed 960K, reserved 1048576K
}
Event: 2.587 GC heap before
{Heap before GC invocations=5 (full 0):
 garbage-first heap   total 8192K, used 3867K [0x00000000a2200000, 0x0000000100000000)
  region size 1024K, 2 young (2048K), 1 survivors (1024K)
 Metaspace       used 7984K, committed 8192K, reserved 1114112K
  class space    used 919K, committed 1024K, reserved 1048576K
}
Event: 2.589 GC heap after
{Heap after GC invocations=6 (full 0):
 garbage-first heap   total 8192K, used 3215K [0x00000000a2200000, 0x0000000100000000)
  region size 1024K, 1 young (1024K), 1 survivors (1024K)
 Metaspace       used 7984K, committed 8192K, reserved 1114112K
  class space    used 919K, committed 1024K, reserved 1048576K
}
Event: 2.658 GC heap before
{Heap before GC invocations=6 (full 0):
 garbage-first heap   total 8192K, used 4239K [0x00000000a2200000, 0x0000000100000000)
  region size 1024K, 2 young (2048K), 1 survivors (1024K)
 Metaspace       used 8340K, committed 8576K, reserved 1114112K
  class space    used 967K, committed 1088K, reserved 1048576K
}
Event: 3.675 GC heap after
{Heap after GC invocations=7 (full 0):
 garbage-first heap   total 12288K, used 3841K [0x00000000a2200000, 0x0000000100000000)
  region size 1024K, 1 young (1024K), 1 survivors (1024K)
 Metaspace       used 8340K, committed 8576K, reserved 1114112K
  class space    used 967K, committed 1088K, reserved 1048576K
}
Event: 3.710 GC heap before
{Heap before GC invocations=7 (full 0):
 garbage-first heap   total 12288K, used 4865K [0x00000000a2200000, 0x0000000100000000)
  region size 1024K, 2 young (2048K), 1 survivors (1024K)
 Metaspace       used 8636K, committed 8832K, reserved 1114112K
  class space    used 1010K, committed 1088K, reserved 1048576K
}
Event: 3.713 GC heap after
{Heap after GC invocations=8 (full 0):
 garbage-first heap   total 12288K, used 4236K [0x00000000a2200000, 0x0000000100000000)
  region size 1024K, 1 young (1024K), 1 survivors (1024K)
 Metaspace       used 8636K, committed 8832K, reserved 1114112K
  class space    used 1010K, committed 1088K, reserved 1048576K
}
Event: 3.722 GC heap before
{Heap before GC invocations=8 (full 0):
 garbage-first heap   total 12288K, used 5260K [0x00000000a2200000, 0x0000000100000000)
  region size 1024K, 2 young (2048K), 1 survivors (1024K)
 Metaspace       used 8660K, committed 8832K, reserved 1114112K
  class space    used 1010K, committed 1088K, reserved 1048576K
}
Event: 3.724 GC heap after
{Heap after GC invocations=9 (full 0):
 garbage-first heap   total 12288K, used 4381K [0x00000000a2200000, 0x0000000100000000)
  region size 1024K, 1 young (1024K), 1 survivors (1024K)
 Metaspace       used 8660K, committed 8832K, reserved 1114112K
  class space    used 1010K, committed 1088K, reserved 1048576K
}
Event: 3.734 GC heap before
{Heap before GC invocations=9 (full 0):
 garbage-first heap   total 12288K, used 5405K [0x00000000a2200000, 0x0000000100000000)
  region size 1024K, 2 young (2048K), 1 survivors (1024K)
 Metaspace       used 8681K, committed 8832K, reserved 1114112K
  class space    used 1010K, committed 1088K, reserved 1048576K
}
Event: 3.736 GC heap after
{Heap after GC invocations=10 (full 0):
 garbage-first heap   total 12288K, used 4455K [0x00000000a2200000, 0x0000000100000000)
  region size 1024K, 1 young (1024K), 1 survivors (1024K)
 Metaspace       used 8681K, committed 8832K, reserved 1114112K
  class space    used 1010K, committed 1088K, reserved 1048576K
}
Event: 3.753 GC heap before
{Heap before GC invocations=10 (full 0):
 garbage-first heap   total 12288K, used 5479K [0x00000000a2200000, 0x0000000100000000)
  region size 1024K, 2 young (2048K), 1 survivors (1024K)
 Metaspace       used 8762K, committed 8960K, reserved 1114112K
  class space    used 1020K, committed 1088K, reserved 1048576K
}

