# JRE version: Java(TM) SE Runtime Environment (17.0.12+8) (build 17.0.12+8-LTS-286)
# Java VM: Java HotSpot(TM) 64-Bit Server VM (17.0.12+8-LTS-286, mixed mode, sharing, tiered, compressed oops, compressed class ptrs, g1 gc, windows-amd64)
GC Precious Log:
 CPUs: 12 total, 12 available
 Memory: 6005M
 Large Page Support: Disabled
 NUMA Support: Disabled
 Compressed Oops: Enabled (32-bit)
 Heap Region Size: 1M
 Heap Min Capacity: 8M
 Heap Initial Capacity: 8M
 Heap Max Capacity: 1502M
 Pre-touch: Disabled
 Parallel Workers: 10
 Concurrent Workers: 3
 Concurrent Refinement Workers: 10
 Periodic GC: Disabled
Heap:
 garbage-first heap   total 23552K, used 11202K [0x00000000a2200000, 0x0000000100000000)
  region size 1024K, 1 young (1024K), 1 survivors (1024K)
 Metaspace       used 9861K, committed 10112K, reserved 1114112K
  class space    used 1147K, committed 1280K, reserved 1048576K
GC Heap History (20 events):
Event: 1.499 GC heap after
{Heap after GC invocations=4 (full 0):
 garbage-first heap   total 8192K, used 2660K [0x00000000a2200000, 0x0000000100000000)
  region size 1024K, 1 young (1024K), 1 survivors (1024K)
 Metaspace       used 7590K, committed 7808K, reserved 1114112K
  class space    used 873K, committed 960K, reserved 1048576K
}
Event: 1.545 GC heap before
{Heap before GC invocations=4 (full 0):
 garbage-first heap   total 8192K, used 3684K [0x00000000a2200000, 0x0000000100000000)
  region size 1024K, 2 young (2048K), 1 survivors (1024K)
 Metaspace       used 7771K, committed 7872K, reserved 1114112K
  class space    used 893K, committed 960K, reserved 1048576K
}
Event: 1.547 GC heap after
{Heap after GC invocations=5 (full 0):
 garbage-first heap   total 8192K, used 2915K [0x00000000a2200000, 0x0000000100000000)
  region size 1024K, 1 young (1024K), 1 survivors (1024K)
 Metaspace       used 7771K, committed 7872K, reserved 1114112K
  class space    used 893K, committed 960K, reserved 1048576K
}
Event: 1.594 GC heap before
{Heap before GC invocations=5 (full 0):
 garbage-first heap   total 8192K, used 3939K [0x00000000a2200000, 0x0000000100000000)
  region size 1024K, 2 young (2048K), 1 survivors (1024K)
 Metaspace       used 7984K, committed 8192K, reserved 1114112K
  class space    used 919K, committed 1024K, reserved 1048576K
}
Event: 1.596 GC heap after
{Heap after GC invocations=6 (full 0):
 garbage-first heap   total 11264K, used 3299K [0x00000000a2200000, 0x0000000100000000)
  region size 1024K, 1 young (1024K), 1 survivors (1024K)
 Metaspace       used 7984K, committed 8192K, reserved 1114112K
  class space    used 919K, committed 1024K, reserved 1048576K
}
Event: 1.679 GC heap before
{Heap before GC invocations=6 (full 0):
 garbage-first heap   total 11264K, used 5347K [0x00000000a2200000, 0x0000000100000000)
  region size 1024K, 3 young (3072K), 1 survivors (1024K)
 Metaspace       used 8636K, committed 8832K, reserved 1114112K
  class space    used 1010K, committed 1088K, reserved 1048576K
}
Event: 1.682 GC heap after
{Heap after GC invocations=7 (full 0):
 garbage-first heap   total 11264K, used 4169K [0x00000000a2200000, 0x0000000100000000)
  region size 1024K, 1 young (1024K), 1 survivors (1024K)
 Metaspace       used 8636K, committed 8832K, reserved 1114112K
  class space    used 1010K, committed 1088K, reserved 1048576K
}
Event: 1.693 GC heap before
{Heap before GC invocations=7 (full 0):
 garbage-first heap   total 11264K, used 5193K [0x00000000a2200000, 0x0000000100000000)
  region size 1024K, 2 young (2048K), 1 survivors (1024K)
 Metaspace       used 8666K, committed 8832K, reserved 1114112K
  class space    used 1010K, committed 1088K, reserved 1048576K
}
Event: 1.696 GC heap after
{Heap after GC invocations=8 (full 0):
 garbage-first heap   total 11264K, used 4456K [0x00000000a2200000, 0x0000000100000000)
  region size 1024K, 1 young (1024K), 1 survivors (1024K)
 Metaspace       used 8666K, committed 8832K, reserved 1114112K
  class space    used 1010K, committed 1088K, reserved 1048576K
}
Event: 1.707 GC heap before
{Heap before GC invocations=8 (full 0):
 garbage-first heap   total 11264K, used 5480K [0x00000000a2200000, 0x0000000100000000)
  region size 1024K, 2 young (2048K), 1 survivors (1024K)
 Metaspace       used 8686K, committed 8832K, reserved 1114112K
  class space    used 1010K, committed 1088K, reserved 1048576K
}
Event: 1.708 GC heap after
{Heap after GC invocations=9 (full 0):
 garbage-first heap   total 11264K, used 4533K [0x00000000a2200000, 0x0000000100000000)
  region size 1024K, 1 young (1024K), 1 survivors (1024K)
 Metaspace       used 8686K, committed 8832K, reserved 1114112K
  class space    used 1010K, committed 1088K, reserved 1048576K
}
Event: 1.725 GC heap before
{Heap before GC invocations=10 (full 0):
 garbage-first heap   total 12288K, used 5557K [0x00000000a2200000, 0x0000000100000000)
  region size 1024K, 2 young (2048K), 1 survivors (1024K)
 Metaspace       used 8746K, committed 8896K, reserved 1114112K
  class space    used 1020K, committed 1088K, reserved 1048576K
}
Event: 1.726 GC heap after
{Heap after GC invocations=11 (full 0):
 garbage-first heap   total 23552K, used 4685K [0x00000000a2200000, 0x0000000100000000)
  region size 1024K, 1 young (1024K), 1 survivors (1024K)
 Metaspace       used 8746K, committed 8896K, reserved 1114112K
  class space    used 1020K, committed 1088K, reserved 1048576K
}
Event: 1.801 GC heap before
{Heap before GC invocations=11 (full 0):
 garbage-first heap   total 23552K, used 11853K [0x00000000a2200000, 0x0000000100000000)
  region size 1024K, 8 young (8192K), 1 survivors (1024K)
 Metaspace       used 8925K, committed 9024K, reserved 1114112K
  class space    used 1040K, committed 1088K, reserved 1048576K
}
Event: 1.805 GC heap after
{Heap after GC invocations=12 (full 0):
 garbage-first heap   total 23552K, used 5785K [0x00000000a2200000, 0x0000000100000000)
  region size 1024K, 1 young (1024K), 1 survivors (1024K)
 Metaspace       used 8925K, committed 9024K, reserved 1114112K
  class space    used 1040K, committed 1088K, reserved 1048576K
}
Event: 1.896 GC heap before
{Heap before GC invocations=12 (full 0):
 garbage-first heap   total 23552K, used 12953K [0x00000000a2200000, 0x0000000100000000)
  region size 1024K, 8 young (8192K), 1 survivors (1024K)
 Metaspace       used 9222K, committed 9408K, reserved 1114112K
  class space    used 1070K, committed 1152K, reserved 1048576K
}
Event: 1.901 GC heap after
{Heap after GC invocations=13 (full 0):
 garbage-first heap   total 23552K, used 8018K [0x00000000a2200000, 0x0000000100000000)
  region size 1024K, 1 young (1024K), 1 survivors (1024K)
 Metaspace       used 9222K, committed 9408K, reserved 1114112K
  class space    used 1070K, committed 1152K, reserved 1048576K
}
Event: 1.930 GC heap before
{Heap before GC invocations=13 (full 0):
 garbage-first heap   total 23552K, used 14162K [0x00000000a2200000, 0x0000000100000000)
  region size 1024K, 7 young (7168K), 1 survivors (1024K)
 Metaspace       used 9321K, committed 9472K, reserved 1114112K
  class space    used 1082K, committed 1152K, reserved 1048576K
}
Event: 1.935 GC heap after
{Heap after GC invocations=14 (full 0):
 garbage-first heap   total 23552K, used 8926K [0x00000000a2200000, 0x0000000100000000)
  region size 1024K, 1 young (1024K), 1 survivors (1024K)
 Metaspace       used 9321K, committed 9472K, reserved 1114112K
  class space    used 1082K, committed 1152K, reserved 1048576K
}
Event: 2.080 GC heap before
{Heap before GC invocations=14 (full 0):
 garbage-first heap   total 23552K, used 16094K [0x00000000a2200000, 0x0000000100000000)
  region size 1024K, 7 young (7168K), 1 survivors (1024K)
 Metaspace       used 9861K, committed 10112K, reserved 1114112K
  class space    used 1147K, committed 1280K, reserved 1048576K
}

